The system is: Linux - 4.17.4-1-ARCH - x86_64
Compiling the C compiler identification source file "CMakeCCompilerId.c" succeeded.
Compiler: /usr/bin/cc 
Build flags: ;-ffunction-sections;-fdata-sections;-fPIC;-m64
Id flags:  

The output was:
0


Compilation of the C compiler identification source "CMakeCCompilerId.c" produced "a.out"

The C compiler identification is GNU, found in "/home/oakenbow/Dev/Projects/GLENgine-rs/bidrag/target/package/bidrag-0.1.0/target/debug/build/glfw-sys-a9d684026b00b040/out/build/CMakeFiles/3.11.4/CompilerIdC/a.out"

Determining if the C compiler works passed with the following output:
Change Dir: /home/oakenbow/Dev/Projects/GLENgine-rs/bidrag/target/package/bidrag-0.1.0/target/debug/build/glfw-sys-a9d684026b00b040/out/build/CMakeFiles/CMakeTmp

Run Build Command:"/usr/bin/make" "cmTC_a973e/fast"
/usr/bin/make -f CMakeFiles/cmTC_a973e.dir/build.make CMakeFiles/cmTC_a973e.dir/build
make[1]: Entering directory '/home/oakenbow/Dev/Projects/GLENgine-rs/bidrag/target/package/bidrag-0.1.0/target/debug/build/glfw-sys-a9d684026b00b040/out/build/CMakeFiles/CMakeTmp'
Building C object CMakeFiles/cmTC_a973e.dir/testCCompiler.c.o
/usr/bin/cc   -ffunction-sections -fdata-sections -fPIC -m64    -o CMakeFiles/cmTC_a973e.dir/testCCompiler.c.o   -c /home/oakenbow/Dev/Projects/GLENgine-rs/bidrag/target/package/bidrag-0.1.0/target/debug/build/glfw-sys-a9d684026b00b040/out/build/CMakeFiles/CMakeTmp/testCCompiler.c
Linking C executable cmTC_a973e
/usr/bin/cmake -E cmake_link_script CMakeFiles/cmTC_a973e.dir/link.txt --verbose=1
/usr/bin/cc  -ffunction-sections -fdata-sections -fPIC -m64     -rdynamic CMakeFiles/cmTC_a973e.dir/testCCompiler.c.o  -o cmTC_a973e 
make[1]: Leaving directory '/home/oakenbow/Dev/Projects/GLENgine-rs/bidrag/target/package/bidrag-0.1.0/target/debug/build/glfw-sys-a9d684026b00b040/out/build/CMakeFiles/CMakeTmp'


Detecting C compiler ABI info compiled with the following output:
Change Dir: /home/oakenbow/Dev/Projects/GLENgine-rs/bidrag/target/package/bidrag-0.1.0/target/debug/build/glfw-sys-a9d684026b00b040/out/build/CMakeFiles/CMakeTmp

Run Build Command:"/usr/bin/make" "cmTC_57a30/fast"
/usr/bin/make -f CMakeFiles/cmTC_57a30.dir/build.make CMakeFiles/cmTC_57a30.dir/build
make[1]: Entering directory '/home/oakenbow/Dev/Projects/GLENgine-rs/bidrag/target/package/bidrag-0.1.0/target/debug/build/glfw-sys-a9d684026b00b040/out/build/CMakeFiles/CMakeTmp'
Building C object CMakeFiles/cmTC_57a30.dir/CMakeCCompilerABI.c.o
/usr/bin/cc   -ffunction-sections -fdata-sections -fPIC -m64    -o CMakeFiles/cmTC_57a30.dir/CMakeCCompilerABI.c.o   -c /usr/share/cmake-3.11/Modules/CMakeCCompilerABI.c
Linking C executable cmTC_57a30
/usr/bin/cmake -E cmake_link_script CMakeFiles/cmTC_57a30.dir/link.txt --verbose=1
/usr/bin/cc  -ffunction-sections -fdata-sections -fPIC -m64    -v -rdynamic CMakeFiles/cmTC_57a30.dir/CMakeCCompilerABI.c.o  -o cmTC_57a30 
Using built-in specs.
COLLECT_GCC=/usr/bin/cc
COLLECT_LTO_WRAPPER=/usr/lib/gcc/x86_64-pc-linux-gnu/8.1.1/lto-wrapper
Target: x86_64-pc-linux-gnu
Configured with: /build/gcc/src/gcc/configure --prefix=/usr --libdir=/usr/lib --libexecdir=/usr/lib --mandir=/usr/share/man --infodir=/usr/share/info --with-bugurl=https://bugs.archlinux.org/ --enable-languages=c,c++,ada,fortran,go,lto,objc,obj-c++ --enable-shared --enable-threads=posix --enable-libmpx --with-system-zlib --with-isl --enable-__cxa_atexit --disable-libunwind-exceptions --enable-clocale=gnu --disable-libstdcxx-pch --disable-libssp --enable-gnu-unique-object --enable-linker-build-id --enable-lto --enable-plugin --enable-install-libiberty --with-linker-hash-style=gnu --enable-gnu-indirect-function --enable-multilib --disable-werror --enable-checking=release --enable-default-pie --enable-default-ssp
Thread model: posix
gcc version 8.1.1 20180531 (GCC) 
COMPILER_PATH=/usr/lib/gcc/x86_64-pc-linux-gnu/8.1.1/:/usr/lib/gcc/x86_64-pc-linux-gnu/8.1.1/:/usr/lib/gcc/x86_64-pc-linux-gnu/:/usr/lib/gcc/x86_64-pc-linux-gnu/8.1.1/:/usr/lib/gcc/x86_64-pc-linux-gnu/
LIBRARY_PATH=/usr/lib/gcc/x86_64-pc-linux-gnu/8.1.1/:/usr/lib/gcc/x86_64-pc-linux-gnu/8.1.1/../../../../lib/:/lib/../lib/:/usr/lib/../lib/:/usr/lib/gcc/x86_64-pc-linux-gnu/8.1.1/../../../:/lib/:/usr/lib/
COLLECT_GCC_OPTIONS='-ffunction-sections' '-fdata-sections' '-fPIC' '-m64' '-v' '-rdynamic' '-o' 'cmTC_57a30' '-mtune=generic' '-march=x86-64'
 /usr/lib/gcc/x86_64-pc-linux-gnu/8.1.1/collect2 -plugin /usr/lib/gcc/x86_64-pc-linux-gnu/8.1.1/liblto_plugin.so -plugin-opt=/usr/lib/gcc/x86_64-pc-linux-gnu/8.1.1/lto-wrapper -plugin-opt=-fresolution=/tmp/ccOHdFIn.res -plugin-opt=-pass-through=-lgcc -plugin-opt=-pass-through=-lgcc_s -plugin-opt=-pass-through=-lc -plugin-opt=-pass-through=-lgcc -plugin-opt=-pass-through=-lgcc_s --build-id --eh-frame-hdr --hash-style=gnu -m elf_x86_64 -export-dynamic -dynamic-linker /lib64/ld-linux-x86-64.so.2 -pie -o cmTC_57a30 /usr/lib/gcc/x86_64-pc-linux-gnu/8.1.1/../../../../lib/Scrt1.o /usr/lib/gcc/x86_64-pc-linux-gnu/8.1.1/../../../../lib/crti.o /usr/lib/gcc/x86_64-pc-linux-gnu/8.1.1/crtbeginS.o -L/usr/lib/gcc/x86_64-pc-linux-gnu/8.1.1 -L/usr/lib/gcc/x86_64-pc-linux-gnu/8.1.1/../../../../lib -L/lib/../lib -L/usr/lib/../lib -L/usr/lib/gcc/x86_64-pc-linux-gnu/8.1.1/../../.. CMakeFiles/cmTC_57a30.dir/CMakeCCompilerABI.c.o -lgcc --as-needed -lgcc_s --no-as-needed -lc -lgcc --as-needed -lgcc_s --no-as-needed /usr/lib/gcc/x86_64-pc-linux-gnu/8.1.1/crtendS.o /usr/lib/gcc/x86_64-pc-linux-gnu/8.1.1/../../../../lib/crtn.o
COLLECT_GCC_OPTIONS='-ffunction-sections' '-fdata-sections' '-fPIC' '-m64' '-v' '-rdynamic' '-o' 'cmTC_57a30' '-mtune=generic' '-march=x86-64'
make[1]: Leaving directory '/home/oakenbow/Dev/Projects/GLENgine-rs/bidrag/target/package/bidrag-0.1.0/target/debug/build/glfw-sys-a9d684026b00b040/out/build/CMakeFiles/CMakeTmp'


Parsed C implicit link information from above output:
  link line regex: [^( *|.*[/\])(ld|CMAKE_LINK_STARTFILE-NOTFOUND|([^/\]+-)?ld|collect2)[^/\]*( |$)]
  ignore line: [Change Dir: /home/oakenbow/Dev/Projects/GLENgine-rs/bidrag/target/package/bidrag-0.1.0/target/debug/build/glfw-sys-a9d684026b00b040/out/build/CMakeFiles/CMakeTmp]
  ignore line: []
  ignore line: [Run Build Command:"/usr/bin/make" "cmTC_57a30/fast"]
  ignore line: [/usr/bin/make -f CMakeFiles/cmTC_57a30.dir/build.make CMakeFiles/cmTC_57a30.dir/build]
  ignore line: [make[1]: Entering directory '/home/oakenbow/Dev/Projects/GLENgine-rs/bidrag/target/package/bidrag-0.1.0/target/debug/build/glfw-sys-a9d684026b00b040/out/build/CMakeFiles/CMakeTmp']
  ignore line: [Building C object CMakeFiles/cmTC_57a30.dir/CMakeCCompilerABI.c.o]
  ignore line: [/usr/bin/cc   -ffunction-sections -fdata-sections -fPIC -m64    -o CMakeFiles/cmTC_57a30.dir/CMakeCCompilerABI.c.o   -c /usr/share/cmake-3.11/Modules/CMakeCCompilerABI.c]
  ignore line: [Linking C executable cmTC_57a30]
  ignore line: [/usr/bin/cmake -E cmake_link_script CMakeFiles/cmTC_57a30.dir/link.txt --verbose=1]
  ignore line: [/usr/bin/cc  -ffunction-sections -fdata-sections -fPIC -m64    -v -rdynamic CMakeFiles/cmTC_57a30.dir/CMakeCCompilerABI.c.o  -o cmTC_57a30 ]
  ignore line: [Using built-in specs.]
  ignore line: [COLLECT_GCC=/usr/bin/cc]
  ignore line: [COLLECT_LTO_WRAPPER=/usr/lib/gcc/x86_64-pc-linux-gnu/8.1.1/lto-wrapper]
  ignore line: [Target: x86_64-pc-linux-gnu]
  ignore line: [Configured with: /build/gcc/src/gcc/configure --prefix=/usr --libdir=/usr/lib --libexecdir=/usr/lib --mandir=/usr/share/man --infodir=/usr/share/info --with-bugurl=https://bugs.archlinux.org/ --enable-languages=c,c++,ada,fortran,go,lto,objc,obj-c++ --enable-shared --enable-threads=posix --enable-libmpx --with-system-zlib --with-isl --enable-__cxa_atexit --disable-libunwind-exceptions --enable-clocale=gnu --disable-libstdcxx-pch --disable-libssp --enable-gnu-unique-object --enable-linker-build-id --enable-lto --enable-plugin --enable-install-libiberty --with-linker-hash-style=gnu --enable-gnu-indirect-function --enable-multilib --disable-werror --enable-checking=release --enable-default-pie --enable-default-ssp]
  ignore line: [Thread model: posix]
  ignore line: [gcc version 8.1.1 20180531 (GCC) ]
  ignore line: [COMPILER_PATH=/usr/lib/gcc/x86_64-pc-linux-gnu/8.1.1/:/usr/lib/gcc/x86_64-pc-linux-gnu/8.1.1/:/usr/lib/gcc/x86_64-pc-linux-gnu/:/usr/lib/gcc/x86_64-pc-linux-gnu/8.1.1/:/usr/lib/gcc/x86_64-pc-linux-gnu/]
  ignore line: [LIBRARY_PATH=/usr/lib/gcc/x86_64-pc-linux-gnu/8.1.1/:/usr/lib/gcc/x86_64-pc-linux-gnu/8.1.1/../../../../lib/:/lib/../lib/:/usr/lib/../lib/:/usr/lib/gcc/x86_64-pc-linux-gnu/8.1.1/../../../:/lib/:/usr/lib/]
  ignore line: [COLLECT_GCC_OPTIONS='-ffunction-sections' '-fdata-sections' '-fPIC' '-m64' '-v' '-rdynamic' '-o' 'cmTC_57a30' '-mtune=generic' '-march=x86-64']
  link line: [ /usr/lib/gcc/x86_64-pc-linux-gnu/8.1.1/collect2 -plugin /usr/lib/gcc/x86_64-pc-linux-gnu/8.1.1/liblto_plugin.so -plugin-opt=/usr/lib/gcc/x86_64-pc-linux-gnu/8.1.1/lto-wrapper -plugin-opt=-fresolution=/tmp/ccOHdFIn.res -plugin-opt=-pass-through=-lgcc -plugin-opt=-pass-through=-lgcc_s -plugin-opt=-pass-through=-lc -plugin-opt=-pass-through=-lgcc -plugin-opt=-pass-through=-lgcc_s --build-id --eh-frame-hdr --hash-style=gnu -m elf_x86_64 -export-dynamic -dynamic-linker /lib64/ld-linux-x86-64.so.2 -pie -o cmTC_57a30 /usr/lib/gcc/x86_64-pc-linux-gnu/8.1.1/../../../../lib/Scrt1.o /usr/lib/gcc/x86_64-pc-linux-gnu/8.1.1/../../../../lib/crti.o /usr/lib/gcc/x86_64-pc-linux-gnu/8.1.1/crtbeginS.o -L/usr/lib/gcc/x86_64-pc-linux-gnu/8.1.1 -L/usr/lib/gcc/x86_64-pc-linux-gnu/8.1.1/../../../../lib -L/lib/../lib -L/usr/lib/../lib -L/usr/lib/gcc/x86_64-pc-linux-gnu/8.1.1/../../.. CMakeFiles/cmTC_57a30.dir/CMakeCCompilerABI.c.o -lgcc --as-needed -lgcc_s --no-as-needed -lc -lgcc --as-needed -lgcc_s --no-as-needed /usr/lib/gcc/x86_64-pc-linux-gnu/8.1.1/crtendS.o /usr/lib/gcc/x86_64-pc-linux-gnu/8.1.1/../../../../lib/crtn.o]
    arg [/usr/lib/gcc/x86_64-pc-linux-gnu/8.1.1/collect2] ==> ignore
    arg [-plugin] ==> ignore
    arg [/usr/lib/gcc/x86_64-pc-linux-gnu/8.1.1/liblto_plugin.so] ==> ignore
    arg [-plugin-opt=/usr/lib/gcc/x86_64-pc-linux-gnu/8.1.1/lto-wrapper] ==> ignore
    arg [-plugin-opt=-fresolution=/tmp/ccOHdFIn.res] ==> ignore
    arg [-plugin-opt=-pass-through=-lgcc] ==> ignore
    arg [-plugin-opt=-pass-through=-lgcc_s] ==> ignore
    arg [-plugin-opt=-pass-through=-lc] ==> ignore
    arg [-plugin-opt=-pass-through=-lgcc] ==> ignore
    arg [-plugin-opt=-pass-through=-lgcc_s] ==> ignore
    arg [--build-id] ==> ignore
    arg [--eh-frame-hdr] ==> ignore
    arg [--hash-style=gnu] ==> ignore
    arg [-m] ==> ignore
    arg [elf_x86_64] ==> ignore
    arg [-export-dynamic] ==> ignore
    arg [-dynamic-linker] ==> ignore
    arg [/lib64/ld-linux-x86-64.so.2] ==> ignore
    arg [-pie] ==> ignore
    arg [-o] ==> ignore
    arg [cmTC_57a30] ==> ignore
    arg [/usr/lib/gcc/x86_64-pc-linux-gnu/8.1.1/../../../../lib/Scrt1.o] ==> ignore
    arg [/usr/lib/gcc/x86_64-pc-linux-gnu/8.1.1/../../../../lib/crti.o] ==> ignore
    arg [/usr/lib/gcc/x86_64-pc-linux-gnu/8.1.1/crtbeginS.o] ==> ignore
    arg [-L/usr/lib/gcc/x86_64-pc-linux-gnu/8.1.1] ==> dir [/usr/lib/gcc/x86_64-pc-linux-gnu/8.1.1]
    arg [-L/usr/lib/gcc/x86_64-pc-linux-gnu/8.1.1/../../../../lib] ==> dir [/usr/lib/gcc/x86_64-pc-linux-gnu/8.1.1/../../../../lib]
    arg [-L/lib/../lib] ==> dir [/lib/../lib]
    arg [-L/usr/lib/../lib] ==> dir [/usr/lib/../lib]
    arg [-L/usr/lib/gcc/x86_64-pc-linux-gnu/8.1.1/../../..] ==> dir [/usr/lib/gcc/x86_64-pc-linux-gnu/8.1.1/../../..]
    arg [CMakeFiles/cmTC_57a30.dir/CMakeCCompilerABI.c.o] ==> ignore
    arg [-lgcc] ==> lib [gcc]
    arg [--as-needed] ==> ignore
    arg [-lgcc_s] ==> lib [gcc_s]
    arg [--no-as-needed] ==> ignore
    arg [-lc] ==> lib [c]
    arg [-lgcc] ==> lib [gcc]
    arg [--as-needed] ==> ignore
    arg [-lgcc_s] ==> lib [gcc_s]
    arg [--no-as-needed] ==> ignore
    arg [/usr/lib/gcc/x86_64-pc-linux-gnu/8.1.1/crtendS.o] ==> ignore
    arg [/usr/lib/gcc/x86_64-pc-linux-gnu/8.1.1/../../../../lib/crtn.o] ==> ignore
  collapse library dir [/usr/lib/gcc/x86_64-pc-linux-gnu/8.1.1] ==> [/usr/lib/gcc/x86_64-pc-linux-gnu/8.1.1]
  collapse library dir [/usr/lib/gcc/x86_64-pc-linux-gnu/8.1.1/../../../../lib] ==> [/usr/lib]
  collapse library dir [/lib/../lib] ==> [/lib]
  collapse library dir [/usr/lib/../lib] ==> [/usr/lib]
  collapse library dir [/usr/lib/gcc/x86_64-pc-linux-gnu/8.1.1/../../..] ==> [/usr/lib]
  implicit libs: [gcc;gcc_s;c;gcc;gcc_s]
  implicit dirs: [/usr/lib/gcc/x86_64-pc-linux-gnu/8.1.1;/usr/lib;/lib]
  implicit fwks: []




Detecting C [-std=c11] compiler features compiled with the following output:
Change Dir: /home/oakenbow/Dev/Projects/GLENgine-rs/bidrag/target/package/bidrag-0.1.0/target/debug/build/glfw-sys-a9d684026b00b040/out/build/CMakeFiles/CMakeTmp

Run Build Command:"/usr/bin/make" "cmTC_ea454/fast"
/usr/bin/make -f CMakeFiles/cmTC_ea454.dir/build.make CMakeFiles/cmTC_ea454.dir/build
make[1]: Entering directory '/home/oakenbow/Dev/Projects/GLENgine-rs/bidrag/target/package/bidrag-0.1.0/target/debug/build/glfw-sys-a9d684026b00b040/out/build/CMakeFiles/CMakeTmp'
Building C object CMakeFiles/cmTC_ea454.dir/feature_tests.c.o
/usr/bin/cc   -ffunction-sections -fdata-sections -fPIC -m64    -std=c11 -o CMakeFiles/cmTC_ea454.dir/feature_tests.c.o   -c /home/oakenbow/Dev/Projects/GLENgine-rs/bidrag/target/package/bidrag-0.1.0/target/debug/build/glfw-sys-a9d684026b00b040/out/build/CMakeFiles/feature_tests.c
Linking C executable cmTC_ea454
/usr/bin/cmake -E cmake_link_script CMakeFiles/cmTC_ea454.dir/link.txt --verbose=1
/usr/bin/cc  -ffunction-sections -fdata-sections -fPIC -m64     -rdynamic CMakeFiles/cmTC_ea454.dir/feature_tests.c.o  -o cmTC_ea454 
make[1]: Leaving directory '/home/oakenbow/Dev/Projects/GLENgine-rs/bidrag/target/package/bidrag-0.1.0/target/debug/build/glfw-sys-a9d684026b00b040/out/build/CMakeFiles/CMakeTmp'


    Feature record: C_FEATURE:1c_function_prototypes
    Feature record: C_FEATURE:1c_restrict
    Feature record: C_FEATURE:1c_static_assert
    Feature record: C_FEATURE:1c_variadic_macros


Detecting C [-std=c99] compiler features compiled with the following output:
Change Dir: /home/oakenbow/Dev/Projects/GLENgine-rs/bidrag/target/package/bidrag-0.1.0/target/debug/build/glfw-sys-a9d684026b00b040/out/build/CMakeFiles/CMakeTmp

Run Build Command:"/usr/bin/make" "cmTC_6a963/fast"
/usr/bin/make -f CMakeFiles/cmTC_6a963.dir/build.make CMakeFiles/cmTC_6a963.dir/build
make[1]: Entering directory '/home/oakenbow/Dev/Projects/GLENgine-rs/bidrag/target/package/bidrag-0.1.0/target/debug/build/glfw-sys-a9d684026b00b040/out/build/CMakeFiles/CMakeTmp'
Building C object CMakeFiles/cmTC_6a963.dir/feature_tests.c.o
/usr/bin/cc   -ffunction-sections -fdata-sections -fPIC -m64    -std=c99 -o CMakeFiles/cmTC_6a963.dir/feature_tests.c.o   -c /home/oakenbow/Dev/Projects/GLENgine-rs/bidrag/target/package/bidrag-0.1.0/target/debug/build/glfw-sys-a9d684026b00b040/out/build/CMakeFiles/feature_tests.c
Linking C executable cmTC_6a963
/usr/bin/cmake -E cmake_link_script CMakeFiles/cmTC_6a963.dir/link.txt --verbose=1
/usr/bin/cc  -ffunction-sections -fdata-sections -fPIC -m64     -rdynamic CMakeFiles/cmTC_6a963.dir/feature_tests.c.o  -o cmTC_6a963 
make[1]: Leaving directory '/home/oakenbow/Dev/Projects/GLENgine-rs/bidrag/target/package/bidrag-0.1.0/target/debug/build/glfw-sys-a9d684026b00b040/out/build/CMakeFiles/CMakeTmp'


    Feature record: C_FEATURE:1c_function_prototypes
    Feature record: C_FEATURE:1c_restrict
    Feature record: C_FEATURE:0c_static_assert
    Feature record: C_FEATURE:1c_variadic_macros


Detecting C [-std=c90] compiler features compiled with the following output:
Change Dir: /home/oakenbow/Dev/Projects/GLENgine-rs/bidrag/target/package/bidrag-0.1.0/target/debug/build/glfw-sys-a9d684026b00b040/out/build/CMakeFiles/CMakeTmp

Run Build Command:"/usr/bin/make" "cmTC_aa1c5/fast"
/usr/bin/make -f CMakeFiles/cmTC_aa1c5.dir/build.make CMakeFiles/cmTC_aa1c5.dir/build
make[1]: Entering directory '/home/oakenbow/Dev/Projects/GLENgine-rs/bidrag/target/package/bidrag-0.1.0/target/debug/build/glfw-sys-a9d684026b00b040/out/build/CMakeFiles/CMakeTmp'
Building C object CMakeFiles/cmTC_aa1c5.dir/feature_tests.c.o
/usr/bin/cc   -ffunction-sections -fdata-sections -fPIC -m64    -std=c90 -o CMakeFiles/cmTC_aa1c5.dir/feature_tests.c.o   -c /home/oakenbow/Dev/Projects/GLENgine-rs/bidrag/target/package/bidrag-0.1.0/target/debug/build/glfw-sys-a9d684026b00b040/out/build/CMakeFiles/feature_tests.c
Linking C executable cmTC_aa1c5
/usr/bin/cmake -E cmake_link_script CMakeFiles/cmTC_aa1c5.dir/link.txt --verbose=1
/usr/bin/cc  -ffunction-sections -fdata-sections -fPIC -m64     -rdynamic CMakeFiles/cmTC_aa1c5.dir/feature_tests.c.o  -o cmTC_aa1c5 
make[1]: Leaving directory '/home/oakenbow/Dev/Projects/GLENgine-rs/bidrag/target/package/bidrag-0.1.0/target/debug/build/glfw-sys-a9d684026b00b040/out/build/CMakeFiles/CMakeTmp'


    Feature record: C_FEATURE:1c_function_prototypes
    Feature record: C_FEATURE:0c_restrict
    Feature record: C_FEATURE:0c_static_assert
    Feature record: C_FEATURE:0c_variadic_macros
Determining if the include file pthread.h exists passed with the following output:
Change Dir: /home/oakenbow/Dev/Projects/GLENgine-rs/bidrag/target/package/bidrag-0.1.0/target/debug/build/glfw-sys-a9d684026b00b040/out/build/CMakeFiles/CMakeTmp

Run Build Command:"/usr/bin/make" "cmTC_fc2ab/fast"
/usr/bin/make -f CMakeFiles/cmTC_fc2ab.dir/build.make CMakeFiles/cmTC_fc2ab.dir/build
make[1]: Entering directory '/home/oakenbow/Dev/Projects/GLENgine-rs/bidrag/target/package/bidrag-0.1.0/target/debug/build/glfw-sys-a9d684026b00b040/out/build/CMakeFiles/CMakeTmp'
Building C object CMakeFiles/cmTC_fc2ab.dir/CheckIncludeFile.c.o
/usr/bin/cc   -ffunction-sections -fdata-sections -fPIC -m64    -o CMakeFiles/cmTC_fc2ab.dir/CheckIncludeFile.c.o   -c /home/oakenbow/Dev/Projects/GLENgine-rs/bidrag/target/package/bidrag-0.1.0/target/debug/build/glfw-sys-a9d684026b00b040/out/build/CMakeFiles/CMakeTmp/CheckIncludeFile.c
Linking C executable cmTC_fc2ab
/usr/bin/cmake -E cmake_link_script CMakeFiles/cmTC_fc2ab.dir/link.txt --verbose=1
/usr/bin/cc  -ffunction-sections -fdata-sections -fPIC -m64     -rdynamic CMakeFiles/cmTC_fc2ab.dir/CheckIncludeFile.c.o  -o cmTC_fc2ab 
make[1]: Leaving directory '/home/oakenbow/Dev/Projects/GLENgine-rs/bidrag/target/package/bidrag-0.1.0/target/debug/build/glfw-sys-a9d684026b00b040/out/build/CMakeFiles/CMakeTmp'


Determining if the function pthread_create exists in the pthread passed with the following output:
Change Dir: /home/oakenbow/Dev/Projects/GLENgine-rs/bidrag/target/package/bidrag-0.1.0/target/debug/build/glfw-sys-a9d684026b00b040/out/build/CMakeFiles/CMakeTmp

Run Build Command:"/usr/bin/make" "cmTC_d6c67/fast"
/usr/bin/make -f CMakeFiles/cmTC_d6c67.dir/build.make CMakeFiles/cmTC_d6c67.dir/build
make[1]: Entering directory '/home/oakenbow/Dev/Projects/GLENgine-rs/bidrag/target/package/bidrag-0.1.0/target/debug/build/glfw-sys-a9d684026b00b040/out/build/CMakeFiles/CMakeTmp'
Building C object CMakeFiles/cmTC_d6c67.dir/CheckFunctionExists.c.o
/usr/bin/cc   -ffunction-sections -fdata-sections -fPIC -m64 -DCHECK_FUNCTION_EXISTS=pthread_create   -o CMakeFiles/cmTC_d6c67.dir/CheckFunctionExists.c.o   -c /usr/share/cmake-3.11/Modules/CheckFunctionExists.c
Linking C executable cmTC_d6c67
/usr/bin/cmake -E cmake_link_script CMakeFiles/cmTC_d6c67.dir/link.txt --verbose=1
/usr/bin/cc  -ffunction-sections -fdata-sections -fPIC -m64 -DCHECK_FUNCTION_EXISTS=pthread_create    -rdynamic CMakeFiles/cmTC_d6c67.dir/CheckFunctionExists.c.o  -o cmTC_d6c67 -lpthread 
make[1]: Leaving directory '/home/oakenbow/Dev/Projects/GLENgine-rs/bidrag/target/package/bidrag-0.1.0/target/debug/build/glfw-sys-a9d684026b00b040/out/build/CMakeFiles/CMakeTmp'


Determining if the function XOpenDisplay exists in the /usr/lib/libX11.so;/usr/lib/libXext.so passed with the following output:
Change Dir: /home/oakenbow/Dev/Projects/GLENgine-rs/bidrag/target/package/bidrag-0.1.0/target/debug/build/glfw-sys-a9d684026b00b040/out/build/CMakeFiles/CMakeTmp

Run Build Command:"/usr/bin/make" "cmTC_f6c35/fast"
/usr/bin/make -f CMakeFiles/cmTC_f6c35.dir/build.make CMakeFiles/cmTC_f6c35.dir/build
make[1]: Entering directory '/home/oakenbow/Dev/Projects/GLENgine-rs/bidrag/target/package/bidrag-0.1.0/target/debug/build/glfw-sys-a9d684026b00b040/out/build/CMakeFiles/CMakeTmp'
Building C object CMakeFiles/cmTC_f6c35.dir/CheckFunctionExists.c.o
/usr/bin/cc   -ffunction-sections -fdata-sections -fPIC -m64 -DCHECK_FUNCTION_EXISTS=XOpenDisplay   -o CMakeFiles/cmTC_f6c35.dir/CheckFunctionExists.c.o   -c /usr/share/cmake-3.11/Modules/CheckFunctionExists.c
Linking C executable cmTC_f6c35
/usr/bin/cmake -E cmake_link_script CMakeFiles/cmTC_f6c35.dir/link.txt --verbose=1
/usr/bin/cc  -ffunction-sections -fdata-sections -fPIC -m64 -DCHECK_FUNCTION_EXISTS=XOpenDisplay    -rdynamic CMakeFiles/cmTC_f6c35.dir/CheckFunctionExists.c.o  -o cmTC_f6c35 /usr/lib/libX11.so /usr/lib/libXext.so 
make[1]: Leaving directory '/home/oakenbow/Dev/Projects/GLENgine-rs/bidrag/target/package/bidrag-0.1.0/target/debug/build/glfw-sys-a9d684026b00b040/out/build/CMakeFiles/CMakeTmp'


Determining if the function gethostbyname exists passed with the following output:
Change Dir: /home/oakenbow/Dev/Projects/GLENgine-rs/bidrag/target/package/bidrag-0.1.0/target/debug/build/glfw-sys-a9d684026b00b040/out/build/CMakeFiles/CMakeTmp

Run Build Command:"/usr/bin/make" "cmTC_b7990/fast"
/usr/bin/make -f CMakeFiles/cmTC_b7990.dir/build.make CMakeFiles/cmTC_b7990.dir/build
make[1]: Entering directory '/home/oakenbow/Dev/Projects/GLENgine-rs/bidrag/target/package/bidrag-0.1.0/target/debug/build/glfw-sys-a9d684026b00b040/out/build/CMakeFiles/CMakeTmp'
Building C object CMakeFiles/cmTC_b7990.dir/CheckFunctionExists.c.o
/usr/bin/cc   -ffunction-sections -fdata-sections -fPIC -m64 -DCHECK_FUNCTION_EXISTS=gethostbyname   -o CMakeFiles/cmTC_b7990.dir/CheckFunctionExists.c.o   -c /usr/share/cmake-3.11/Modules/CheckFunctionExists.c
Linking C executable cmTC_b7990
/usr/bin/cmake -E cmake_link_script CMakeFiles/cmTC_b7990.dir/link.txt --verbose=1
/usr/bin/cc  -ffunction-sections -fdata-sections -fPIC -m64 -DCHECK_FUNCTION_EXISTS=gethostbyname    -rdynamic CMakeFiles/cmTC_b7990.dir/CheckFunctionExists.c.o  -o cmTC_b7990 
make[1]: Leaving directory '/home/oakenbow/Dev/Projects/GLENgine-rs/bidrag/target/package/bidrag-0.1.0/target/debug/build/glfw-sys-a9d684026b00b040/out/build/CMakeFiles/CMakeTmp'


Determining if the function connect exists passed with the following output:
Change Dir: /home/oakenbow/Dev/Projects/GLENgine-rs/bidrag/target/package/bidrag-0.1.0/target/debug/build/glfw-sys-a9d684026b00b040/out/build/CMakeFiles/CMakeTmp

Run Build Command:"/usr/bin/make" "cmTC_fa2c7/fast"
/usr/bin/make -f CMakeFiles/cmTC_fa2c7.dir/build.make CMakeFiles/cmTC_fa2c7.dir/build
make[1]: Entering directory '/home/oakenbow/Dev/Projects/GLENgine-rs/bidrag/target/package/bidrag-0.1.0/target/debug/build/glfw-sys-a9d684026b00b040/out/build/CMakeFiles/CMakeTmp'
Building C object CMakeFiles/cmTC_fa2c7.dir/CheckFunctionExists.c.o
/usr/bin/cc   -ffunction-sections -fdata-sections -fPIC -m64 -DCHECK_FUNCTION_EXISTS=connect   -o CMakeFiles/cmTC_fa2c7.dir/CheckFunctionExists.c.o   -c /usr/share/cmake-3.11/Modules/CheckFunctionExists.c
Linking C executable cmTC_fa2c7
/usr/bin/cmake -E cmake_link_script CMakeFiles/cmTC_fa2c7.dir/link.txt --verbose=1
/usr/bin/cc  -ffunction-sections -fdata-sections -fPIC -m64 -DCHECK_FUNCTION_EXISTS=connect    -rdynamic CMakeFiles/cmTC_fa2c7.dir/CheckFunctionExists.c.o  -o cmTC_fa2c7 
make[1]: Leaving directory '/home/oakenbow/Dev/Projects/GLENgine-rs/bidrag/target/package/bidrag-0.1.0/target/debug/build/glfw-sys-a9d684026b00b040/out/build/CMakeFiles/CMakeTmp'


Determining if the function remove exists passed with the following output:
Change Dir: /home/oakenbow/Dev/Projects/GLENgine-rs/bidrag/target/package/bidrag-0.1.0/target/debug/build/glfw-sys-a9d684026b00b040/out/build/CMakeFiles/CMakeTmp

Run Build Command:"/usr/bin/make" "cmTC_9a2c1/fast"
/usr/bin/make -f CMakeFiles/cmTC_9a2c1.dir/build.make CMakeFiles/cmTC_9a2c1.dir/build
make[1]: Entering directory '/home/oakenbow/Dev/Projects/GLENgine-rs/bidrag/target/package/bidrag-0.1.0/target/debug/build/glfw-sys-a9d684026b00b040/out/build/CMakeFiles/CMakeTmp'
Building C object CMakeFiles/cmTC_9a2c1.dir/CheckFunctionExists.c.o
/usr/bin/cc   -ffunction-sections -fdata-sections -fPIC -m64 -DCHECK_FUNCTION_EXISTS=remove   -o CMakeFiles/cmTC_9a2c1.dir/CheckFunctionExists.c.o   -c /usr/share/cmake-3.11/Modules/CheckFunctionExists.c
Linking C executable cmTC_9a2c1
/usr/bin/cmake -E cmake_link_script CMakeFiles/cmTC_9a2c1.dir/link.txt --verbose=1
/usr/bin/cc  -ffunction-sections -fdata-sections -fPIC -m64 -DCHECK_FUNCTION_EXISTS=remove    -rdynamic CMakeFiles/cmTC_9a2c1.dir/CheckFunctionExists.c.o  -o cmTC_9a2c1 
make[1]: Leaving directory '/home/oakenbow/Dev/Projects/GLENgine-rs/bidrag/target/package/bidrag-0.1.0/target/debug/build/glfw-sys-a9d684026b00b040/out/build/CMakeFiles/CMakeTmp'


Determining if the function shmat exists passed with the following output:
Change Dir: /home/oakenbow/Dev/Projects/GLENgine-rs/bidrag/target/package/bidrag-0.1.0/target/debug/build/glfw-sys-a9d684026b00b040/out/build/CMakeFiles/CMakeTmp

Run Build Command:"/usr/bin/make" "cmTC_4ddec/fast"
/usr/bin/make -f CMakeFiles/cmTC_4ddec.dir/build.make CMakeFiles/cmTC_4ddec.dir/build
make[1]: Entering directory '/home/oakenbow/Dev/Projects/GLENgine-rs/bidrag/target/package/bidrag-0.1.0/target/debug/build/glfw-sys-a9d684026b00b040/out/build/CMakeFiles/CMakeTmp'
Building C object CMakeFiles/cmTC_4ddec.dir/CheckFunctionExists.c.o
/usr/bin/cc   -ffunction-sections -fdata-sections -fPIC -m64 -DCHECK_FUNCTION_EXISTS=shmat   -o CMakeFiles/cmTC_4ddec.dir/CheckFunctionExists.c.o   -c /usr/share/cmake-3.11/Modules/CheckFunctionExists.c
Linking C executable cmTC_4ddec
/usr/bin/cmake -E cmake_link_script CMakeFiles/cmTC_4ddec.dir/link.txt --verbose=1
/usr/bin/cc  -ffunction-sections -fdata-sections -fPIC -m64 -DCHECK_FUNCTION_EXISTS=shmat    -rdynamic CMakeFiles/cmTC_4ddec.dir/CheckFunctionExists.c.o  -o cmTC_4ddec 
make[1]: Leaving directory '/home/oakenbow/Dev/Projects/GLENgine-rs/bidrag/target/package/bidrag-0.1.0/target/debug/build/glfw-sys-a9d684026b00b040/out/build/CMakeFiles/CMakeTmp'


Determining if the function IceConnectionNumber exists in the ICE passed with the following output:
Change Dir: /home/oakenbow/Dev/Projects/GLENgine-rs/bidrag/target/package/bidrag-0.1.0/target/debug/build/glfw-sys-a9d684026b00b040/out/build/CMakeFiles/CMakeTmp

Run Build Command:"/usr/bin/make" "cmTC_49d3f/fast"
/usr/bin/make -f CMakeFiles/cmTC_49d3f.dir/build.make CMakeFiles/cmTC_49d3f.dir/build
make[1]: Entering directory '/home/oakenbow/Dev/Projects/GLENgine-rs/bidrag/target/package/bidrag-0.1.0/target/debug/build/glfw-sys-a9d684026b00b040/out/build/CMakeFiles/CMakeTmp'
Building C object CMakeFiles/cmTC_49d3f.dir/CheckFunctionExists.c.o
/usr/bin/cc   -ffunction-sections -fdata-sections -fPIC -m64 -DCHECK_FUNCTION_EXISTS=IceConnectionNumber   -o CMakeFiles/cmTC_49d3f.dir/CheckFunctionExists.c.o   -c /usr/share/cmake-3.11/Modules/CheckFunctionExists.c
Linking C executable cmTC_49d3f
/usr/bin/cmake -E cmake_link_script CMakeFiles/cmTC_49d3f.dir/link.txt --verbose=1
/usr/bin/cc  -ffunction-sections -fdata-sections -fPIC -m64 -DCHECK_FUNCTION_EXISTS=IceConnectionNumber    -rdynamic CMakeFiles/cmTC_49d3f.dir/CheckFunctionExists.c.o  -o cmTC_49d3f -lICE 
make[1]: Leaving directory '/home/oakenbow/Dev/Projects/GLENgine-rs/bidrag/target/package/bidrag-0.1.0/target/debug/build/glfw-sys-a9d684026b00b040/out/build/CMakeFiles/CMakeTmp'


