Determining if the pthread_create exist failed with the following output:
Change Dir: /home/oakenbow/Dev/Projects/GLENgine-rs/bidrag/target/package/bidrag-0.1.0/target/debug/build/glfw-sys-a9d684026b00b040/out/build/CMakeFiles/CMakeTmp

Run Build Command:"/usr/bin/make" "cmTC_db9f6/fast"
/usr/bin/make -f CMakeFiles/cmTC_db9f6.dir/build.make CMakeFiles/cmTC_db9f6.dir/build
make[1]: Entering directory '/home/oakenbow/Dev/Projects/GLENgine-rs/bidrag/target/package/bidrag-0.1.0/target/debug/build/glfw-sys-a9d684026b00b040/out/build/CMakeFiles/CMakeTmp'
Building C object CMakeFiles/cmTC_db9f6.dir/CheckSymbolExists.c.o
/usr/bin/cc   -ffunction-sections -fdata-sections -fPIC -m64    -o CMakeFiles/cmTC_db9f6.dir/CheckSymbolExists.c.o   -c /home/oakenbow/Dev/Projects/GLENgine-rs/bidrag/target/package/bidrag-0.1.0/target/debug/build/glfw-sys-a9d684026b00b040/out/build/CMakeFiles/CMakeTmp/CheckSymbolExists.c
Linking C executable cmTC_db9f6
/usr/bin/cmake -E cmake_link_script CMakeFiles/cmTC_db9f6.dir/link.txt --verbose=1
/usr/bin/cc  -ffunction-sections -fdata-sections -fPIC -m64     -rdynamic CMakeFiles/cmTC_db9f6.dir/CheckSymbolExists.c.o  -o cmTC_db9f6 
CMakeFiles/cmTC_db9f6.dir/CheckSymbolExists.c.o: In function `main':
CheckSymbolExists.c:(.text.main+0x1b): undefined reference to `pthread_create'
collect2: error: ld returned 1 exit status
make[1]: *** [CMakeFiles/cmTC_db9f6.dir/build.make:87: cmTC_db9f6] Error 1
make[1]: Leaving directory '/home/oakenbow/Dev/Projects/GLENgine-rs/bidrag/target/package/bidrag-0.1.0/target/debug/build/glfw-sys-a9d684026b00b040/out/build/CMakeFiles/CMakeTmp'
make: *** [Makefile:126: cmTC_db9f6/fast] Error 2

File /home/oakenbow/Dev/Projects/GLENgine-rs/bidrag/target/package/bidrag-0.1.0/target/debug/build/glfw-sys-a9d684026b00b040/out/build/CMakeFiles/CMakeTmp/CheckSymbolExists.c:
/* */
#include <pthread.h>

int main(int argc, char** argv)
{
  (void)argv;
#ifndef pthread_create
  return ((int*)(&pthread_create))[argc];
#else
  (void)argc;
  return 0;
#endif
}

Determining if the function pthread_create exists in the pthreads failed with the following output:
Change Dir: /home/oakenbow/Dev/Projects/GLENgine-rs/bidrag/target/package/bidrag-0.1.0/target/debug/build/glfw-sys-a9d684026b00b040/out/build/CMakeFiles/CMakeTmp

Run Build Command:"/usr/bin/make" "cmTC_aada2/fast"
/usr/bin/make -f CMakeFiles/cmTC_aada2.dir/build.make CMakeFiles/cmTC_aada2.dir/build
make[1]: Entering directory '/home/oakenbow/Dev/Projects/GLENgine-rs/bidrag/target/package/bidrag-0.1.0/target/debug/build/glfw-sys-a9d684026b00b040/out/build/CMakeFiles/CMakeTmp'
Building C object CMakeFiles/cmTC_aada2.dir/CheckFunctionExists.c.o
/usr/bin/cc   -ffunction-sections -fdata-sections -fPIC -m64 -DCHECK_FUNCTION_EXISTS=pthread_create   -o CMakeFiles/cmTC_aada2.dir/CheckFunctionExists.c.o   -c /usr/share/cmake-3.11/Modules/CheckFunctionExists.c
Linking C executable cmTC_aada2
/usr/bin/cmake -E cmake_link_script CMakeFiles/cmTC_aada2.dir/link.txt --verbose=1
/usr/bin/cc  -ffunction-sections -fdata-sections -fPIC -m64 -DCHECK_FUNCTION_EXISTS=pthread_create    -rdynamic CMakeFiles/cmTC_aada2.dir/CheckFunctionExists.c.o  -o cmTC_aada2 -lpthreads 
/usr/bin/ld: cannot find -lpthreads
collect2: error: ld returned 1 exit status
make[1]: *** [CMakeFiles/cmTC_aada2.dir/build.make:87: cmTC_aada2] Error 1
make[1]: Leaving directory '/home/oakenbow/Dev/Projects/GLENgine-rs/bidrag/target/package/bidrag-0.1.0/target/debug/build/glfw-sys-a9d684026b00b040/out/build/CMakeFiles/CMakeTmp'
make: *** [Makefile:126: cmTC_aada2/fast] Error 2


